-------------------------------------------------------------------------------
Test set: RunnerFile.Testrunner
-------------------------------------------------------------------------------
Tests run: 1, Failures: 1, Errors: 0, Skipped: 0, Time elapsed: 1.061 s <<< FAILURE! - in RunnerFile.Testrunner
RunnerFile.Testrunner.setUpClass  Time elapsed: 0.821 s  <<< FAILURE!
java.lang.IllegalArgumentException: 
The plugin specification 'com.aventstack.extentreports.cucumber.adapter.ExtentCucumberAdapter' has a problem:

Could not load plugin class 'com.aventstack.extentreports.cucumber.adapter.ExtentCucumberAdapter'.

Plugin specifications should have the format of PLUGIN[:[PATH|[URI [OPTIONS]]]

Valid values for PLUGIN are: default_summary, html, json, junit, message, null_summary, pretty, progress, rerun, summary, teamcity, testng, timeline, unused, usage

PLUGIN can also be a fully qualified class name, allowing registration of 3rd party plugins. The 3rd party plugin must implement io.cucumber.plugin.Plugin
Caused by: java.lang.NoClassDefFoundError: cucumber/api/event/ConcurrentEventListener
Caused by: java.lang.ClassNotFoundException: cucumber.api.event.ConcurrentEventListener

